<?xml version="1.0" encoding="UTF-8"?>
<testsuite name="game.kata.GridReaderTest" tests="1" skipped="0" failures="0" errors="0" timestamp="2019-02-01T18:48:14" hostname="ginevracoal" time="0.014">
  <properties/>
  <testcase name="readTestGrid" classname="game.kata.GridReaderTest" time="0.014"/>
  <system-out><![CDATA[]]></system-out>
  <system-err><![CDATA[]]></system-err>
</testsuite>
