<?xml version="1.0" encoding="UTF-8"?>
<testsuite name="game.kata.GridReaderTest" tests="11" skipped="0" failures="0" errors="0" timestamp="2019-02-03T21:42:04" hostname="ginevracoal" time="0.042">
  <properties/>
  <testcase name="parseGrid_sizeDeclarationFormatException" classname="game.kata.GridReaderTest" time="0.006"/>
  <testcase name="parseGrid_matrixColumnsMismatchException" classname="game.kata.GridReaderTest" time="0.001"/>
  <testcase name="parseGrid_matrixFormatException" classname="game.kata.GridReaderTest" time="0.011"/>
  <testcase name="parseGrid_generationException" classname="game.kata.GridReaderTest" time="0.0"/>
  <testcase name="parseGrid_shortException" classname="game.kata.GridReaderTest" time="0.001"/>
  <testcase name="parseGrid_sizeDeclarationException1" classname="game.kata.GridReaderTest" time="0.0"/>
  <testcase name="parseGrid_sizeDeclarationException3" classname="game.kata.GridReaderTest" time="0.0"/>
  <testcase name="parseGrid_generationNumberException" classname="game.kata.GridReaderTest" time="0.0"/>
  <testcase name="parseGrid_matrixRowsMismatchException" classname="game.kata.GridReaderTest" time="0.0"/>
  <testcase name="readTestGrid" classname="game.kata.GridReaderTest" time="0.014"/>
  <testcase name="readFileTest" classname="game.kata.GridReaderTest" time="0.001"/>
  <system-out><![CDATA[]]></system-out>
  <system-err><![CDATA[]]></system-err>
</testsuite>
